<?xml version="1.0" encoding="UTF-8"?>
<!-- Generated by org.testng.reporters.JUnitReportReporter -->
<testsuite skipped="0" hostname="LAPTOP-FR81P7PN" name="com.test.concepts.GroupTest" tests="4" failures="0" timestamp="2020-08-01T09:15:04 IST" time="0.014" errors="0">
  <testcase name="seleniumTest1" time="0.002" classname="com.test.concepts.GroupTest"/>
  <system-out/>
  <testcase name="APITest2" time="0.001" classname="com.test.concepts.GroupTest"/>
  <system-out/>
  <testcase name="seleniumTest2" time="0.002" classname="com.test.concepts.GroupTest"/>
  <system-out/>
  <testcase name="APITest1" time="0.009" classname="com.test.concepts.GroupTest"/>
  <system-out/>
</testsuite> <!-- com.test.concepts.GroupTest -->
