<?xml version="1.0" encoding="UTF-8"?>
<!-- Generated by org.testng.reporters.JUnitReportReporter -->
<testsuite skipped="0" hostname="LAPTOP-FR81P7PN" name="com.test.concepts.InvocationTest" tests="6" failures="0" timestamp="2020-08-07T07:24:19 IST" time="0.045" errors="0">
  <testcase name="searchLaptop" time="0.006" classname="com.test.concepts.InvocationTest"/>
  <system-out/>
  <testcase name="searchLaptop" time="0.028" classname="com.test.concepts.InvocationTest"/>
  <system-out/>
  <testcase name="searchWatch" time="0.003" classname="com.test.concepts.InvocationTest"/>
  <system-out/>
  <testcase name="searchLaptop" time="0.003" classname="com.test.concepts.InvocationTest"/>
  <system-out/>
  <testcase name="searchMobile" time="0.003" classname="com.test.concepts.InvocationTest"/>
  <system-out/>
  <testcase name="searchWatch" time="0.002" classname="com.test.concepts.InvocationTest"/>
  <system-out/>
</testsuite> <!-- com.test.concepts.InvocationTest -->
