<?xml version="1.0" encoding="UTF-8"?>
<!-- Generated by org.testng.reporters.JUnitReportReporter -->
<testsuite skipped="0" hostname="LAPTOP-FR81P7PN" name="com.test.concepts.CrossBrowserTest" tests="1" failures="0" timestamp="2020-08-01T09:28:28 IST" time="9.177" errors="0">
  <testcase name="test" time="9.177" classname="com.test.concepts.CrossBrowserTest"/>
  <system-out/>
</testsuite> <!-- com.test.concepts.CrossBrowserTest -->
