<?xml version="1.0" encoding="UTF-8"?>
<!-- Generated by org.testng.reporters.JUnitReportReporter -->
<testsuite skipped="0" hostname="LAPTOP-FR81P7PN" name="com.test.concepts.DataProviderTest" tests="3" failures="0" timestamp="2020-07-31T16:53:42 IST" time="0.016" errors="0">
  <testcase name="logIn" time="0.010" classname="com.test.concepts.DataProviderTest"/>
  <system-out/>
  <testcase name="logIn" time="0.004" classname="com.test.concepts.DataProviderTest"/>
  <system-out/>
  <testcase name="logIn" time="0.002" classname="com.test.concepts.DataProviderTest"/>
  <system-out/>
</testsuite> <!-- com.test.concepts.DataProviderTest -->
